This is pdfTeX, Version 3.1415926-2.5-1.40.14 (TeX Live 2013/Debian) (format=pdflatex 2014.10.6)  14 NOV 2014 19:34
entering extended mode
 restricted \write18 enabled.
 %&-line parsing enabled.
**"icann2015 (blind).tex"
(./icann2015 (blind).tex
LaTeX2e <2011/06/27>
Babel <3.9h> and hyphenation patterns for 2 languages loaded.
(./journal.cls

LaTeX Warning: You have requested document class `journal',
               but the document class provides `IEEEtran'.

Document Class: IEEEtran 2007/03/05 V1.7a by Michael Shell
-- See the "IEEEtran_HOWTO" manual for usage information.
-- http://www.michaelshell.org/tex/ieeetran/
\@IEEEtrantmpdimenA=\dimen102
\@IEEEtrantmpdimenB=\dimen103
\@IEEEtrantmpcountA=\count79
\@IEEEtrantmpcountB=\count80
\@IEEEtrantmptoksA=\toks14
LaTeX Font Info:    Try loading font information for OT1+ptm on input line 366.

(/usr/share/texlive/texmf-dist/tex/latex/psnfss/ot1ptm.fd
File: ot1ptm.fd 2001/06/04 font definitions for OT1/ptm.
)
-- Using 8.5in x 11in (letter) paper.
-- Using PDF output.
\@IEEEnormalsizeunitybaselineskip=\dimen104
-- This is a 10 point document.
\CLASSINFOnormalsizebaselineskip=\dimen105
\CLASSINFOnormalsizeunitybaselineskip=\dimen106
\IEEEnormaljot=\dimen107
LaTeX Font Info:    Font shape `OT1/ptm/bx/n' in size <5> not available
(Font)              Font shape `OT1/ptm/b/n' tried instead on input line 724.
LaTeX Font Info:    Font shape `OT1/ptm/bx/it' in size <5> not available
(Font)              Font shape `OT1/ptm/b/it' tried instead on input line 724.
LaTeX Font Info:    Font shape `OT1/ptm/bx/n' in size <7> not available
(Font)              Font shape `OT1/ptm/b/n' tried instead on input line 724.
LaTeX Font Info:    Font shape `OT1/ptm/bx/it' in size <7> not available
(Font)              Font shape `OT1/ptm/b/it' tried instead on input line 724.
LaTeX Font Info:    Font shape `OT1/ptm/bx/n' in size <8> not available
(Font)              Font shape `OT1/ptm/b/n' tried instead on input line 724.
LaTeX Font Info:    Font shape `OT1/ptm/bx/it' in size <8> not available
(Font)              Font shape `OT1/ptm/b/it' tried instead on input line 724.
LaTeX Font Info:    Font shape `OT1/ptm/bx/n' in size <9> not available
(Font)              Font shape `OT1/ptm/b/n' tried instead on input line 724.
LaTeX Font Info:    Font shape `OT1/ptm/bx/it' in size <9> not available
(Font)              Font shape `OT1/ptm/b/it' tried instead on input line 724.
LaTeX Font Info:    Font shape `OT1/ptm/bx/n' in size <10> not available
(Font)              Font shape `OT1/ptm/b/n' tried instead on input line 724.
LaTeX Font Info:    Font shape `OT1/ptm/bx/it' in size <10> not available
(Font)              Font shape `OT1/ptm/b/it' tried instead on input line 724.
LaTeX Font Info:    Font shape `OT1/ptm/bx/n' in size <11> not available
(Font)              Font shape `OT1/ptm/b/n' tried instead on input line 724.
LaTeX Font Info:    Font shape `OT1/ptm/bx/it' in size <11> not available
(Font)              Font shape `OT1/ptm/b/it' tried instead on input line 724.
LaTeX Font Info:    Font shape `OT1/ptm/bx/n' in size <12> not available
(Font)              Font shape `OT1/ptm/b/n' tried instead on input line 724.
LaTeX Font Info:    Font shape `OT1/ptm/bx/it' in size <12> not available
(Font)              Font shape `OT1/ptm/b/it' tried instead on input line 724.
LaTeX Font Info:    Font shape `OT1/ptm/bx/n' in size <17> not available
(Font)              Font shape `OT1/ptm/b/n' tried instead on input line 724.
LaTeX Font Info:    Font shape `OT1/ptm/bx/it' in size <17> not available
(Font)              Font shape `OT1/ptm/b/it' tried instead on input line 724.
LaTeX Font Info:    Font shape `OT1/ptm/bx/n' in size <20> not available
(Font)              Font shape `OT1/ptm/b/n' tried instead on input line 724.
LaTeX Font Info:    Font shape `OT1/ptm/bx/it' in size <20> not available
(Font)              Font shape `OT1/ptm/b/it' tried instead on input line 724.
LaTeX Font Info:    Font shape `OT1/ptm/bx/n' in size <24> not available
(Font)              Font shape `OT1/ptm/b/n' tried instead on input line 724.
LaTeX Font Info:    Font shape `OT1/ptm/bx/it' in size <24> not available
(Font)              Font shape `OT1/ptm/b/it' tried instead on input line 724.
\IEEEilabelindentA=\dimen108
\IEEEilabelindentB=\dimen109
\IEEEilabelindent=\dimen110
\IEEEelabelindent=\dimen111
\IEEEdlabelindent=\dimen112
\IEEElabelindent=\dimen113
\IEEEiednormlabelsep=\dimen114
\IEEEiedmathlabelsep=\dimen115
\IEEEiedtopsep=\skip41
\c@section=\count81
\c@subsection=\count82
\c@subsubsection=\count83
\c@paragraph=\count84
\c@IEEEsubequation=\count85
\abovecaptionskip=\skip42
\belowcaptionskip=\skip43
\c@figure=\count86
\c@table=\count87
\@IEEEeqnnumcols=\count88
\@IEEEeqncolcnt=\count89
\@IEEEtmpitemindent=\dimen116
\c@IEEEbiography=\count90
\@IEEEtranrubishbin=\box26
) (/usr/share/texlive/texmf-dist/tex/latex/caption/subcaption.sty
Package: subcaption 2013/02/03 v1.1-62 Sub-captions (AR)

(/usr/share/texlive/texmf-dist/tex/latex/caption/caption.sty
Package: caption 2013/05/02 v3.3-89 Customizing captions (AR)

(/usr/share/texlive/texmf-dist/tex/latex/caption/caption3.sty
Package: caption3 2013/05/02 v1.6-88 caption3 kernel (AR)
Package caption3 Info: TeX engine: e-TeX on input line 57.

(/usr/share/texlive/texmf-dist/tex/latex/graphics/keyval.sty
Package: keyval 1999/03/16 v1.13 key=value parser (DPC)
\KV@toks@=\toks15
)
\captionmargin=\dimen117
\captionmargin@=\dimen118
\captionwidth=\dimen119
\caption@tempdima=\dimen120
\caption@indent=\dimen121
\caption@parindent=\dimen122
\caption@hangindent=\dimen123
Package caption Info: Unknown document class (or package),
(caption)             standard defaults will be used.
)

Package caption Warning: Unsupported document class (or package) detected,
(caption)                usage of the caption package is not recommended.
See the caption package documentation for explanation.

Package caption Info: \@makecaption = \long macro:#1#2->\ifx \@captype \@IEEEta
blestring \footnotesize \begin {center}{\normalfont \footnotesize #1}\\{\normal
font \footnotesize \scshape #2}\end {center}\@IEEEtablecaptionsepspace \else \@
IEEEfigurecaptionsepspace \setbox \@tempboxa \hbox {\normalfont \footnotesize {
#1.}~~ #2}\ifdim \wd \@tempboxa >\hsize \setbox \@tempboxa \hbox {\normalfont \
footnotesize {#1.}~~ }\parbox [t]{\hsize }{\normalfont \footnotesize \noindent 
\unhbox \@tempboxa #2}\else \ifCLASSOPTIONconference \hbox to\hsize {\normalfon
t \footnotesize \hfil \box \@tempboxa \hfil }\else \hbox to\hsize {\normalfont 
\footnotesize \box \@tempboxa \hfil }\fi \fi \fi .
\c@ContinuedFloat=\count91
)
\c@subfigure=\count92
\c@subtable=\count93
) (/usr/share/texlive/texmf-dist/tex/latex/graphics/graphicx.sty
Package: graphicx 1999/02/16 v1.0f Enhanced LaTeX Graphics (DPC,SPQR)

(/usr/share/texlive/texmf-dist/tex/latex/graphics/graphics.sty
Package: graphics 2009/02/05 v1.0o Standard LaTeX Graphics (DPC,SPQR)

(/usr/share/texlive/texmf-dist/tex/latex/graphics/trig.sty
Package: trig 1999/03/16 v1.09 sin cos tan (DPC)
)
(/usr/share/texlive/texmf-dist/tex/latex/latexconfig/graphics.cfg
File: graphics.cfg 2010/04/23 v1.9 graphics configuration of TeX Live
)
Package graphics Info: Driver file: pdftex.def on input line 91.

(/usr/share/texlive/texmf-dist/tex/latex/pdftex-def/pdftex.def
File: pdftex.def 2011/05/27 v0.06d Graphics/color for pdfTeX

(/usr/share/texlive/texmf-dist/tex/generic/oberdiek/infwarerr.sty
Package: infwarerr 2010/04/08 v1.3 Providing info/warning/error messages (HO)
)
(/usr/share/texlive/texmf-dist/tex/generic/oberdiek/ltxcmds.sty
Package: ltxcmds 2011/11/09 v1.22 LaTeX kernel commands for general use (HO)
)
\Gread@gobject=\count94
))
\Gin@req@height=\dimen124
\Gin@req@width=\dimen125
)
(/usr/share/texlive/texmf-dist/tex/latex/url/url.sty
\Urlmuskip=\muskip10
Package: url 2013/09/16  ver 3.4  Verb mode for urls, etc.
)
(/usr/share/texlive/texmf-dist/tex/latex/graphics/color.sty
Package: color 2005/11/14 v1.0j Standard LaTeX Color (DPC)

(/usr/share/texlive/texmf-dist/tex/latex/latexconfig/color.cfg
File: color.cfg 2007/01/18 v1.5 color configuration of teTeX/TeXLive
)
Package color Info: Driver file: pdftex.def on input line 130.
)
(/usr/share/texlive/texmf-dist/tex/latex/multirow/multirow.sty
\bigstrutjot=\dimen126
)
(/usr/share/texlive/texmf-dist/tex/latex/makecell/makecell.sty
Package: makecell 2009/08/03 V0.1e Managing of Tab Column Heads and Cells

(/usr/share/texlive/texmf-dist/tex/latex/tools/array.sty
Package: array 2008/09/09 v2.4c Tabular extension package (FMi)
\col@sep=\dimen127
\extrarowheight=\dimen128
\NC@list=\toks16
\extratabsurround=\skip44
\backup@length=\skip45
)
\rotheadsize=\dimen129
\c@nlinenum=\count95
\TeXr@lab=\toks17
)
(/usr/share/texlive/texmf-dist/tex/latex/psnfss/mathptmx.sty
Package: mathptmx 2005/04/12 PSNFSS-v9.2a Times w/ Math, improved (SPQR, WaS) 
LaTeX Font Info:    Redeclaring symbol font `operators' on input line 28.
LaTeX Font Info:    Overwriting symbol font `operators' in version `normal'
(Font)                  OT1/cmr/m/n --> OT1/ztmcm/m/n on input line 28.
LaTeX Font Info:    Overwriting symbol font `operators' in version `bold'
(Font)                  OT1/cmr/bx/n --> OT1/ztmcm/m/n on input line 28.
LaTeX Font Info:    Redeclaring symbol font `letters' on input line 29.
LaTeX Font Info:    Overwriting symbol font `letters' in version `normal'
(Font)                  OML/cmm/m/it --> OML/ztmcm/m/it on input line 29.
LaTeX Font Info:    Overwriting symbol font `letters' in version `bold'
(Font)                  OML/cmm/b/it --> OML/ztmcm/m/it on input line 29.
LaTeX Font Info:    Redeclaring symbol font `symbols' on input line 30.
LaTeX Font Info:    Overwriting symbol font `symbols' in version `normal'
(Font)                  OMS/cmsy/m/n --> OMS/ztmcm/m/n on input line 30.
LaTeX Font Info:    Overwriting symbol font `symbols' in version `bold'
(Font)                  OMS/cmsy/b/n --> OMS/ztmcm/m/n on input line 30.
LaTeX Font Info:    Redeclaring symbol font `largesymbols' on input line 31.
LaTeX Font Info:    Overwriting symbol font `largesymbols' in version `normal'
(Font)                  OMX/cmex/m/n --> OMX/ztmcm/m/n on input line 31.
LaTeX Font Info:    Overwriting symbol font `largesymbols' in version `bold'
(Font)                  OMX/cmex/m/n --> OMX/ztmcm/m/n on input line 31.
\symbold=\mathgroup4
\symitalic=\mathgroup5
LaTeX Font Info:    Redeclaring math alphabet \mathbf on input line 34.
LaTeX Font Info:    Overwriting math alphabet `\mathbf' in version `normal'
(Font)                  OT1/cmr/bx/n --> OT1/ptm/bx/n on input line 34.
LaTeX Font Info:    Overwriting math alphabet `\mathbf' in version `bold'
(Font)                  OT1/cmr/bx/n --> OT1/ptm/bx/n on input line 34.
LaTeX Font Info:    Redeclaring math alphabet \mathit on input line 35.
LaTeX Font Info:    Overwriting math alphabet `\mathit' in version `normal'
(Font)                  OT1/cmr/m/it --> OT1/ptm/m/it on input line 35.
LaTeX Font Info:    Overwriting math alphabet `\mathit' in version `bold'
(Font)                  OT1/cmr/bx/it --> OT1/ptm/m/it on input line 35.
LaTeX Info: Redefining \hbar on input line 50.
)
(/usr/share/texlive/texmf-dist/tex/latex/amsmath/amsmath.sty
Package: amsmath 2013/01/14 v2.14 AMS math features
\@mathmargin=\skip46

For additional information on amsmath, use the `?' option.
(/usr/share/texlive/texmf-dist/tex/latex/amsmath/amstext.sty
Package: amstext 2000/06/29 v2.01

(/usr/share/texlive/texmf-dist/tex/latex/amsmath/amsgen.sty
File: amsgen.sty 1999/11/30 v2.0
\@emptytoks=\toks18
\ex@=\dimen130
))
(/usr/share/texlive/texmf-dist/tex/latex/amsmath/amsbsy.sty
Package: amsbsy 1999/11/29 v1.2d
\pmbraise@=\dimen131
)
(/usr/share/texlive/texmf-dist/tex/latex/amsmath/amsopn.sty
Package: amsopn 1999/12/14 v2.01 operator names
)
\inf@bad=\count96
LaTeX Info: Redefining \frac on input line 210.
\uproot@=\count97
\leftroot@=\count98
LaTeX Info: Redefining \overline on input line 306.
\classnum@=\count99
\DOTSCASE@=\count100
LaTeX Info: Redefining \ldots on input line 378.
LaTeX Info: Redefining \dots on input line 381.
LaTeX Info: Redefining \cdots on input line 466.
\Mathstrutbox@=\box27
\strutbox@=\box28
\big@size=\dimen132
LaTeX Font Info:    Redeclaring font encoding OML on input line 566.
LaTeX Font Info:    Redeclaring font encoding OMS on input line 567.
\macc@depth=\count101
\c@MaxMatrixCols=\count102
\dotsspace@=\muskip11
\c@parentequation=\count103
\dspbrk@lvl=\count104
\tag@help=\toks19
\row@=\count105
\column@=\count106
\maxfields@=\count107
\andhelp@=\toks20
\eqnshift@=\dimen133
\alignsep@=\dimen134
\tagshift@=\dimen135
\tagwidth@=\dimen136
\totwidth@=\dimen137
\lineht@=\dimen138
\@envbody=\toks21
\multlinegap=\skip47
\multlinetaggap=\skip48
\mathdisplay@stack=\toks22
LaTeX Info: Redefining \[ on input line 2665.
LaTeX Info: Redefining \] on input line 2666.
)
(./icann2015 (blind).aux)
\openout1 = `"icann2015 (blind).aux"'.

LaTeX Font Info:    Checking defaults for OML/cmm/m/it on input line 16.
LaTeX Font Info:    ... okay on input line 16.
LaTeX Font Info:    Checking defaults for T1/cmr/m/n on input line 16.
LaTeX Font Info:    ... okay on input line 16.
LaTeX Font Info:    Checking defaults for OT1/cmr/m/n on input line 16.
LaTeX Font Info:    ... okay on input line 16.
LaTeX Font Info:    Checking defaults for OMS/cmsy/m/n on input line 16.
LaTeX Font Info:    ... okay on input line 16.
LaTeX Font Info:    Checking defaults for OMX/cmex/m/n on input line 16.
LaTeX Font Info:    ... okay on input line 16.
LaTeX Font Info:    Checking defaults for U/cmr/m/n on input line 16.
LaTeX Font Info:    ... okay on input line 16.
Package caption Info: Begin \AtBeginDocument code.
Package caption Info: End \AtBeginDocument code.

(/usr/share/texlive/texmf-dist/tex/context/base/supp-pdf.mkii
[Loading MPS to PDF converter (version 2006.09.02).]
\scratchcounter=\count108
\scratchdimen=\dimen139
\scratchbox=\box29
\nofMPsegments=\count109
\nofMParguments=\count110
\everyMPshowfont=\toks23
\MPscratchCnt=\count111
\MPscratchDim=\dimen140
\MPnumerator=\count112
\makeMPintoPDFobject=\count113
\everyMPtoPDFconversion=\toks24
) (/usr/share/texlive/texmf-dist/tex/generic/oberdiek/pdftexcmds.sty
Package: pdftexcmds 2011/11/29 v0.20 Utility functions of pdfTeX for LuaTeX (HO
)

(/usr/share/texlive/texmf-dist/tex/generic/oberdiek/ifluatex.sty
Package: ifluatex 2010/03/01 v1.3 Provides the ifluatex switch (HO)
Package ifluatex Info: LuaTeX not detected.
)
(/usr/share/texlive/texmf-dist/tex/generic/oberdiek/ifpdf.sty
Package: ifpdf 2011/01/30 v2.3 Provides the ifpdf switch (HO)
Package ifpdf Info: pdfTeX in PDF mode is detected.
)
Package pdftexcmds Info: LuaTeX not detected.
Package pdftexcmds Info: \pdf@primitive is available.
Package pdftexcmds Info: \pdf@ifprimitive is available.
Package pdftexcmds Info: \pdfdraftmode found.
)
(/usr/share/texlive/texmf-dist/tex/latex/oberdiek/epstopdf-base.sty
Package: epstopdf-base 2010/02/09 v2.5 Base part for package epstopdf

(/usr/share/texlive/texmf-dist/tex/latex/oberdiek/grfext.sty
Package: grfext 2010/08/19 v1.1 Manage graphics extensions (HO)

(/usr/share/texlive/texmf-dist/tex/generic/oberdiek/kvdefinekeys.sty
Package: kvdefinekeys 2011/04/07 v1.3 Define keys (HO)
))
(/usr/share/texlive/texmf-dist/tex/latex/oberdiek/kvoptions.sty
Package: kvoptions 2011/06/30 v3.11 Key value format for package options (HO)

(/usr/share/texlive/texmf-dist/tex/generic/oberdiek/kvsetkeys.sty
Package: kvsetkeys 2012/04/25 v1.16 Key value parser (HO)

(/usr/share/texlive/texmf-dist/tex/generic/oberdiek/etexcmds.sty
Package: etexcmds 2011/02/16 v1.5 Avoid name clashes with e-TeX commands (HO)
Package etexcmds Info: Could not find \expanded.
(etexcmds)             That can mean that you are not using pdfTeX 1.50 or
(etexcmds)             that some package has redefined \expanded.
(etexcmds)             In the latter case, load this package earlier.
)))
Package grfext Info: Graphics extension search list:
(grfext)             [.png,.pdf,.jpg,.mps,.jpeg,.jbig2,.jb2,.PNG,.PDF,.JPG,.JPE
G,.JBIG2,.JB2,.eps]
(grfext)             \AppendGraphicsExtensions on input line 452.

(/usr/share/texlive/texmf-dist/tex/latex/latexconfig/epstopdf-sys.cfg
File: epstopdf-sys.cfg 2010/07/13 v1.3 Configuration of (r)epstopdf for TeX Liv
e
))

LaTeX Warning: No \author given.


LaTeX Warning: No \author given.


Underfull \vbox (badness 10000) has occurred while \output is active []

 [1{/var/lib/texmf/fonts/map/pdftex/updmap/pdftex.map}


]
<pics/outline.pdf, id=9, 186.6975pt x 95.35625pt>
File: pics/outline.pdf Graphic file (type pdf)
 <use pics/outline.pdf>
Package pdftex.def Info: pics/outline.pdf used on input line 130.
(pdftex.def)             Requested size: 206.39685pt x 105.4218pt.

<pics/outline2.pdf, id=10, 1509.64pt x 601.24625pt>
File: pics/outline2.pdf Graphic file (type pdf)
 <use pics/outline2.pdf>
Package pdftex.def Info: pics/outline2.pdf used on input line 136.
(pdftex.def)             Requested size: 247.6778pt x 98.64171pt.

<pics/mesh_ctiff.jpg, id=11, 642.4pt x 642.4pt>
File: pics/mesh_ctiff.jpg Graphic file (type jpg)
 <use pics/mesh_ctiff.jpg>
Package pdftex.def Info: pics/mesh_ctiff.jpg used on input line 172.
(pdftex.def)             Requested size: 216.71906pt x 216.71733pt.

[2 <./pics/outline.pdf> <./pics/outline2.pdf

pdfTeX warning: pdflatex (file ./pics/outline2.pdf): PDF inclusion: multiple pd
fs with page group included in a single page
> <./pics/mesh_ctiff.jpg>] <pics/conv.pdf, id=35, 351.3125pt x 135.50626pt>
File: pics/conv.pdf Graphic file (type pdf)

<use pics/conv.pdf>
Package pdftex.def Info: pics/conv.pdf used on input line 215.
(pdftex.def)             Requested size: 216.71906pt x 83.59326pt.
 <pics/model1.pdf, id=36, 392.46625pt x 84.315pt>
File: pics/model1.pdf Graphic file (type pdf)

<use pics/model1.pdf>
Package pdftex.def Info: pics/model1.pdf used on input line 228.
(pdftex.def)             Requested size: 247.6778pt x 53.21005pt.
 <pics/gesture.pdf, id=37, 498.86375pt x 100.375pt>
File: pics/gesture.pdf Graphic file (type pdf)

<use pics/gesture.pdf>
Package pdftex.def Info: pics/gesture.pdf used on input line 248.
(pdftex.def)             Requested size: 247.6778pt x 49.83356pt.
LaTeX Font Info:    Try loading font information for OT1+ztmcm on input line 25
5.

(/usr/share/texlive/texmf-dist/tex/latex/psnfss/ot1ztmcm.fd
File: ot1ztmcm.fd 2000/01/03 Fontinst v1.801 font definitions for OT1/ztmcm.
)
LaTeX Font Info:    Try loading font information for OML+ztmcm on input line 25
5.

(/usr/share/texlive/texmf-dist/tex/latex/psnfss/omlztmcm.fd
File: omlztmcm.fd 2000/01/03 Fontinst v1.801 font definitions for OML/ztmcm.
)
LaTeX Font Info:    Try loading font information for OMS+ztmcm on input line 25
5.

(/usr/share/texlive/texmf-dist/tex/latex/psnfss/omsztmcm.fd
File: omsztmcm.fd 2000/01/03 Fontinst v1.801 font definitions for OMS/ztmcm.
)
LaTeX Font Info:    Try loading font information for OMX+ztmcm on input line 25
5.

(/usr/share/texlive/texmf-dist/tex/latex/psnfss/omxztmcm.fd
File: omxztmcm.fd 2000/01/03 Fontinst v1.801 font definitions for OMX/ztmcm.
)
LaTeX Font Info:    Font shape `OT1/ptm/bx/n' in size <7.4> not available
(Font)              Font shape `OT1/ptm/b/n' tried instead on input line 255.
LaTeX Font Info:    Font shape `OT1/ptm/bx/n' in size <6> not available
(Font)              Font shape `OT1/ptm/b/n' tried instead on input line 255.

<pics/gabor.pdf, id=38, 518.93875pt x 151.56625pt>
File: pics/gabor.pdf Graphic file (type pdf)
 <use pics/gabor.pdf>
Package pdftex.def Info: pics/gabor.pdf used on input line 279.
(pdftex.def)             Requested size: 247.6778pt x 72.3393pt.

<pics/model2.pdf, id=39, 463.7325pt x 84.315pt>
File: pics/model2.pdf Graphic file (type pdf)
 <use pics/model2.pdf>
Package pdftex.def Info: pics/model2.pdf used on input line 299.
(pdftex.def)             Requested size: 268.3222pt x 48.78693pt.

Overfull \hbox (16.3222pt too wide) in paragraph at lines 299--303
 [][] 
 []

[3 <./pics/conv.pdf> <./pics/model1.pdf

pdfTeX warning: pdflatex (file ./pics/model1.pdf): PDF inclusion: multiple pdfs
 with page group included in a single page
> <./pics/gesture.pdf> <./pics/gabor.pdf>]
Overfull \hbox (6.45836pt too wide) in paragraph at lines 332--333
 []|[]| 
 []


Overfull \hbox (1.13042pt too wide) in paragraph at lines 333--334
 []|[]| 
 []


Overfull \hbox (6.45836pt too wide) in paragraph at lines 334--335
 []|[]| 
 []


Overfull \hbox (1.7334pt too wide) in paragraph at lines 342--342
 []|\OT1/ptm/m/n/8 112$\OMS/ztmcm/m/n/8 ^^B$\OT1/ptm/m/n/8 112$\OMS/ztmcm/m/n/8
 ^^B$\OT1/ptm/m/n/8 4| 
 []


Overfull \hbox (5.12236pt too wide) in paragraph at lines 349--350
[]|[]| 
 []


Overfull \hbox (4.66833pt too wide) in paragraph at lines 358--358
 []|$\OT1/ztmcm/m/n/8 15\OML/ztmcm/m/it/8 ; \OT1/ztmcm/m/n/8 216\OML/ztmcm/m/it
/8 ; \OT1/ztmcm/m/n/8 512$| 
 []


Overfull \hbox (6.0pt too wide) in paragraph at lines 320--363
[]$[]$ 
 []


Overfull \hbox (6.45836pt too wide) in paragraph at lines 376--377
 []|[]| 
 []


Overfull \hbox (1.13042pt too wide) in paragraph at lines 377--378
 []|[]| 
 []


Overfull \hbox (6.45836pt too wide) in paragraph at lines 378--379
 []|[]| 
 []


Overfull \hbox (2.89056pt too wide) in paragraph at lines 386--386
 []|\OT1/ptm/m/n/8 21$\OMS/ztmcm/m/n/8 ^^B$\OT1/ptm/m/n/8 21$\OMS/ztmcm/m/n/8 ^
^B$\OT1/ptm/m/n/8 10| 
 []


Overfull \hbox (2.89056pt too wide) in paragraph at lines 386--387
 []|\OT1/ptm/m/n/8 15$\OMS/ztmcm/m/n/8 ^^B$\OT1/ptm/m/n/8 15$\OMS/ztmcm/m/n/8 ^
^B$\OT1/ptm/m/n/8 10| 
 []


Overfull \hbox (7.34636pt too wide) in paragraph at lines 389--390
[]|[]| 
 []


Overfull \hbox (6.0pt too wide) in paragraph at lines 364--400
[]$[]$
 []

<pics/rateMatlab.pdf, id=153, 550.055pt x 369.38pt>
File: pics/rateMatlab.pdf Graphic file (type pdf)
 <use pics/rateMatlab.pdf>
Package pdftex.def Info: pics/rateMatlab.pdf used on input line 407.
(pdftex.def)             Requested size: 247.6778pt x 166.3209pt.

Overfull \hbox (6.29536pt too wide) in paragraph at lines 448--449
 []|[]| 
 []


Overfull \hbox (6.29536pt too wide) in paragraph at lines 449--450
 []|[]| 
 []


Overfull \hbox (6.29536pt too wide) in paragraph at lines 450--451
 []|[]| 
 []


Overfull \hbox (6.29536pt too wide) in paragraph at lines 451--452
 []|[]| 
 []


Overfull \hbox (4.98126pt too wide) in paragraph at lines 454--455
[]|[]| 
 []


Overfull \hbox (6.52515pt too wide) in paragraph at lines 460--461
[]|[]| 
 []


Overfull \hbox (4.98126pt too wide) in paragraph at lines 466--467
[]|[]| 
 []


Overfull \hbox (4.98126pt too wide) in paragraph at lines 472--473
[]|[]| 
 []


Overfull \hbox (4.98126pt too wide) in paragraph at lines 478--479
[]|[]| 
 []


Underfull \vbox (badness 10000) has occurred while \output is active []

 [4 <./pics/model2.pdf> <./pics/rateMatlab.pdf

pdfTeX warning: pdflatex (file ./pics/rateMatlab.pdf): PDF inclusion: multiple 
pdfs with page group included in a single page
>] <pics/live1.png, id=261, 531.9875pt x 468.75125pt>
File: pics/live1.png Graphic file (type png)
 <use pics/live1.png>
Package pdftex.def Info: pics/live1.png used on input line 570.
(pdftex.def)             Requested size: 123.84283pt x 109.11943pt.

<pics/live2.png, id=262, 530.98375pt x 469.755pt>
File: pics/live2.png Graphic file (type png)
 <use pics/live2.png>
Package pdftex.def Info: pics/live2.png used on input line 575.
(pdftex.def)             Requested size: 123.84283pt x 109.56096pt.

<pics/live.png, id=263, 833.1125pt x 700.6175pt>
File: pics/live.png Graphic file (type png)
 <use pics/live.png>
Package pdftex.def Info: pics/live.png used on input line 581.
(pdftex.def)             Requested size: 247.6778pt x 208.28395pt.
 [5]
<pics/rateSpiNN.pdf, id=267, 544.88272pt x 369.76244pt>
File: pics/rateSpiNN.pdf Graphic file (type pdf)

<use pics/rateSpiNN.pdf>
Package pdftex.def Info: pics/rateSpiNN.pdf used on input line 601.
(pdftex.def)             Requested size: 247.6778pt x 168.0729pt.
 <pics/figure_r.png, id=268, 586.8324pt x 442.2924pt>
File: pics/figure_r.png Graphic file (type png)

<use pics/figure_r.png>
Package pdftex.def Info: pics/figure_r.png used on input line 632.
(pdftex.def)             Requested size: 123.84283pt x 93.3363pt.
 <pics/figure_1.png, id=270, 586.8324pt x 442.2924pt>
File: pics/figure_1.png Graphic file (type png)

<use pics/figure_1.png>
Package pdftex.def Info: pics/figure_1.png used on input line 637.
(pdftex.def)             Requested size: 123.84283pt x 93.3363pt.
 <pics/figure_2.png, id=271, 586.8324pt x 442.2924pt>
File: pics/figure_2.png Graphic file (type png)

<use pics/figure_2.png>
Package pdftex.def Info: pics/figure_2.png used on input line 643.
(pdftex.def)             Requested size: 123.84283pt x 93.3363pt.
 <pics/figure_3.png, id=272, 586.8324pt x 442.2924pt>
File: pics/figure_3.png Graphic file (type png)

<use pics/figure_3.png>
Package pdftex.def Info: pics/figure_3.png used on input line 648.
(pdftex.def)             Requested size: 123.84283pt x 93.3363pt.
 <pics/figure_4.png, id=273, 586.8324pt x 442.2924pt>
File: pics/figure_4.png Graphic file (type png)

<use pics/figure_4.png>
Package pdftex.def Info: pics/figure_4.png used on input line 653.
(pdftex.def)             Requested size: 123.84283pt x 93.3363pt.
 <pics/figure_5.png, id=274, 586.8324pt x 442.2924pt>
File: pics/figure_5.png Graphic file (type png)

<use pics/figure_5.png>
Package pdftex.def Info: pics/figure_5.png used on input line 658.
(pdftex.def)             Requested size: 123.84283pt x 93.3363pt.

<pics/figure_32_r.png, id=275, 586.8324pt x 442.2924pt>
File: pics/figure_32_r.png Graphic file (type png)

<use pics/figure_32_r.png>
Package pdftex.def Info: pics/figure_32_r.png used on input line 668.
(pdftex.def)             Requested size: 123.84283pt x 93.3363pt.

<pics/figure_32_1.png, id=276, 586.8324pt x 442.2924pt>
File: pics/figure_32_1.png Graphic file (type png)

<use pics/figure_32_1.png>
Package pdftex.def Info: pics/figure_32_1.png used on input line 673.
(pdftex.def)             Requested size: 123.84283pt x 93.3363pt.

<pics/figure_32_2.png, id=277, 586.8324pt x 442.2924pt>
File: pics/figure_32_2.png Graphic file (type png)

<use pics/figure_32_2.png>
Package pdftex.def Info: pics/figure_32_2.png used on input line 679.
(pdftex.def)             Requested size: 123.84283pt x 93.3363pt.

<pics/figure_32_3.png, id=278, 586.8324pt x 442.2924pt>
File: pics/figure_32_3.png Graphic file (type png)

<use pics/figure_32_3.png>
Package pdftex.def Info: pics/figure_32_3.png used on input line 684.
(pdftex.def)             Requested size: 123.84283pt x 93.3363pt.

<pics/figure_32_4.png, id=279, 586.8324pt x 442.2924pt>
File: pics/figure_32_4.png Graphic file (type png)

<use pics/figure_32_4.png>
Package pdftex.def Info: pics/figure_32_4.png used on input line 689.
(pdftex.def)             Requested size: 123.84283pt x 93.3363pt.

<pics/figure_32_5.png, id=280, 586.8324pt x 442.2924pt>
File: pics/figure_32_5.png Graphic file (type png)

<use pics/figure_32_5.png>
Package pdftex.def Info: pics/figure_32_5.png used on input line 694.
(pdftex.def)             Requested size: 123.84283pt x 93.3363pt.

Overfull \hbox (6.29536pt too wide) in paragraph at lines 711--712
 []|[]| 
 []


Overfull \hbox (6.29536pt too wide) in paragraph at lines 712--713
 []|[]| 
 []


Overfull \hbox (6.29536pt too wide) in paragraph at lines 713--714
 []|[]| 
 []


Overfull \hbox (6.29536pt too wide) in paragraph at lines 714--715
 []|[]| 
 []


Overfull \hbox (6.52515pt too wide) in paragraph at lines 723--724
[]|[]| 
 []


Overfull \hbox (4.89319pt too wide) in paragraph at lines 729--730
[]|[]| 
 []

[6 <./pics/live1.png (PNG copy)> <./pics/live2.png (PNG copy)> <./pics/live.png
 (PNG copy)> <./pics/rateSpiNN.pdf>] (./icann2015 (blind).bbl [7 <./pics/figure
_r.png> <./pics/figure_1.png> <./pics/figure_2.png> <./pics/figure_3.png> <./pi
cs/figure_4.png> <./pics/figure_5.png> <./pics/figure_32_r.png> <./pics/figure_
32_1.png> <./pics/figure_32_2.png> <./pics/figure_32_3.png> <./pics/figure_32_4
.png> <./pics/figure_32_5.png>]
Underfull \hbox (badness 1533) in paragraph at lines 106--110
\OT1/ptm/m/n/8 us-ing an FPGA.'' $https : / / spinnaker . cs . man . ac . uk / 
tiki-[]download[]wiki[]
 []


Underfull \hbox (badness 1454) in paragraph at lines 112--115
[]\OT1/ptm/m/n/8 A. P. Davi-son, D. Br[]uderle, J. Ep-pler, J. Kremkow, E. Mull
er,
 []


Underfull \hbox (badness 5519) in paragraph at lines 148--152
\OT1/ptm/m/n/8 in real-time .'' $https : / / www . youtube . com / watch ? v = 
PvJy6RKAJhw &
 []


Underfull \hbox (badness 10000) in paragraph at lines 148--152
\OT1/ptm/m/n/8 feature = youtu . be & list = PLxZ1W-[]Upr3eoQuLxq87qpUL-[]CwSph
tEBJ$,
 []


Underfull \hbox (badness 10000) in paragraph at lines 159--162
\OT1/ptm/m/n/8 be / yxN90aGGKvg ? list = PLxZ1W-[]Upr3eoQuLxq87qpUL-[]CwSphtEBJ
$,
 []

) [8] (./icann2015 (blind).aux) ) 
Here is how much of TeX's memory you used:
 4515 strings out of 495028
 70478 string characters out of 6181497
 145155 words of memory out of 5000000
 7607 multiletter control sequences out of 15000+600000
 60584 words of font info for 120 fonts, out of 8000000 for 9000
 17 hyphenation exceptions out of 8191
 42i,18n,40p,657b,432s stack positions out of 5000i,500n,10000p,200000b,80000s
{/usr/share/texlive/texmf-dist/fonts/enc/dvips
/base/8r.enc}</usr/share/texlive/texmf-dist/fonts/type1/public/amsfonts/cm/cmex
10.pfb></usr/share/texlive/texmf-dist/fonts/type1/public/amsfonts/cm/cmmi10.pfb
></usr/share/texlive/texmf-dist/fonts/type1/public/amsfonts/cm/cmr10.pfb></usr/
share/texlive/texmf-dist/fonts/type1/public/amsfonts/cm/cmsy10.pfb></usr/share/
texlive/texmf-dist/fonts/type1/urw/symbol/usyr.pfb></usr/share/texlive/texmf-di
st/fonts/type1/urw/times/utmb8a.pfb></usr/share/texlive/texmf-dist/fonts/type1/
urw/times/utmr8a.pfb></usr/share/texlive/texmf-dist/fonts/type1/urw/times/utmri
8a.pfb>
Output written on "icann2015 (blind).pdf" (8 pages, 1691483 bytes).
PDF statistics:
 364 PDF objects out of 1000 (max. 8388607)
 205 compressed objects within 3 object streams
 0 named destinations out of 1000 (max. 500000)
 126 words of extra memory for PDF output out of 10000 (max. 10000000)

